The system is: Linux - 2.6.32-573.22.1.el6.x86_64 - x86_64
Compiling the C compiler identification source file "CMakeCCompilerId.c" succeeded.
Compiler: /afs/cern.ch/sw/lcg/contrib/gcc/4.9/x86_64-slc6/bin/gcc 
Build flags: 
Id flags: 

The output was:
0


Compilation of the C compiler identification source "CMakeCCompilerId.c" produced "a.out"

The C compiler identification is GNU, found in "/afs/cern.ch/work/m/mlucchin/Fibers_LC_test/build/CMakeFiles/2.8.12.2/CompilerIdC/a.out"

Compiling the CXX compiler identification source file "CMakeCXXCompilerId.cpp" succeeded.
Compiler: /afs/cern.ch/sw/lcg/contrib/gcc/4.9/x86_64-slc6/bin/g++ 
Build flags: 
Id flags: 

The output was:
0


Compilation of the CXX compiler identification source "CMakeCXXCompilerId.cpp" produced "a.out"

The CXX compiler identification is GNU, found in "/afs/cern.ch/work/m/mlucchin/Fibers_LC_test/build/CMakeFiles/2.8.12.2/CompilerIdCXX/a.out"

Determining if the C compiler works passed with the following output:
Change Dir: /afs/cern.ch/work/m/mlucchin/Fibers_LC_test/build/CMakeFiles/CMakeTmp

Run Build Command:/usr/bin/gmake "cmTryCompileExec1549625494/fast"
gmake[1]: Entering directory `/afs/cern.ch/work/m/mlucchin/Fibers_LC_test/build/CMakeFiles/CMakeTmp'
/usr/bin/gmake -f CMakeFiles/cmTryCompileExec1549625494.dir/build.make CMakeFiles/cmTryCompileExec1549625494.dir/build
gmake[2]: Entering directory `/afs/cern.ch/work/m/mlucchin/Fibers_LC_test/build/CMakeFiles/CMakeTmp'
/usr/bin/cmake -E cmake_progress_report /afs/cern.ch/work/m/mlucchin/Fibers_LC_test/build/CMakeFiles/CMakeTmp/CMakeFiles 1
Building C object CMakeFiles/cmTryCompileExec1549625494.dir/testCCompiler.c.o
/afs/cern.ch/sw/lcg/contrib/gcc/4.9/x86_64-slc6/bin/gcc    -o CMakeFiles/cmTryCompileExec1549625494.dir/testCCompiler.c.o   -c /afs/cern.ch/work/m/mlucchin/Fibers_LC_test/build/CMakeFiles/CMakeTmp/testCCompiler.c
Linking C executable cmTryCompileExec1549625494
/usr/bin/cmake -E cmake_link_script CMakeFiles/cmTryCompileExec1549625494.dir/link.txt --verbose=1
/afs/cern.ch/sw/lcg/contrib/gcc/4.9/x86_64-slc6/bin/gcc       CMakeFiles/cmTryCompileExec1549625494.dir/testCCompiler.c.o  -o cmTryCompileExec1549625494 -rdynamic 
gmake[2]: Leaving directory `/afs/cern.ch/work/m/mlucchin/Fibers_LC_test/build/CMakeFiles/CMakeTmp'
gmake[1]: Leaving directory `/afs/cern.ch/work/m/mlucchin/Fibers_LC_test/build/CMakeFiles/CMakeTmp'


Detecting C compiler ABI info compiled with the following output:
Change Dir: /afs/cern.ch/work/m/mlucchin/Fibers_LC_test/build/CMakeFiles/CMakeTmp

Run Build Command:/usr/bin/gmake "cmTryCompileExec1072289302/fast"
gmake[1]: Entering directory `/afs/cern.ch/work/m/mlucchin/Fibers_LC_test/build/CMakeFiles/CMakeTmp'
/usr/bin/gmake -f CMakeFiles/cmTryCompileExec1072289302.dir/build.make CMakeFiles/cmTryCompileExec1072289302.dir/build
gmake[2]: Entering directory `/afs/cern.ch/work/m/mlucchin/Fibers_LC_test/build/CMakeFiles/CMakeTmp'
/usr/bin/cmake -E cmake_progress_report /afs/cern.ch/work/m/mlucchin/Fibers_LC_test/build/CMakeFiles/CMakeTmp/CMakeFiles 1
Building C object CMakeFiles/cmTryCompileExec1072289302.dir/CMakeCCompilerABI.c.o
/afs/cern.ch/sw/lcg/contrib/gcc/4.9/x86_64-slc6/bin/gcc    -o CMakeFiles/cmTryCompileExec1072289302.dir/CMakeCCompilerABI.c.o   -c /usr/share/cmake/Modules/CMakeCCompilerABI.c
Linking C executable cmTryCompileExec1072289302
/usr/bin/cmake -E cmake_link_script CMakeFiles/cmTryCompileExec1072289302.dir/link.txt --verbose=1
/afs/cern.ch/sw/lcg/contrib/gcc/4.9/x86_64-slc6/bin/gcc     -v CMakeFiles/cmTryCompileExec1072289302.dir/CMakeCCompilerABI.c.o  -o cmTryCompileExec1072289302 -rdynamic  
Using built-in specs.
COLLECT_GCC=/afs/cern.ch/sw/lcg/contrib/gcc/4.9/x86_64-slc6/bin/gcc
COLLECT_LTO_WRAPPER=/afs/cern.ch/sw/lcg/contrib/gcc/4.9.3/x86_64-slc6/bin/../libexec/gcc/x86_64-unknown-linux-gnu/4.9.3/lto-wrapper
Target: x86_64-unknown-linux-gnu
Configured with: ../gcc-4.9.3/configure --prefix=/build/pmendez-sftnight/install-493/ --with-system-zlib --disable-multilib --enable-languages=all
Thread model: posix
gcc version 4.9.3 (GCC) 
COMPILER_PATH=/afs/cern.ch/sw/lcg/contrib/gcc/4.9.3/x86_64-slc6/bin/../libexec/gcc/x86_64-unknown-linux-gnu/4.9.3/:/afs/cern.ch/sw/lcg/contrib/gcc/4.9.3/x86_64-slc6/bin/../libexec/gcc/
LIBRARY_PATH=/afs/cern.ch/sw/lcg/contrib/gcc/4.9.3/x86_64-slc6/bin/../lib/gcc/x86_64-unknown-linux-gnu/4.9.3/:/afs/cern.ch/sw/lcg/contrib/gcc/4.9.3/x86_64-slc6/bin/../lib/gcc/:/afs/cern.ch/sw/lcg/contrib/gcc/4.9.3/x86_64-slc6/bin/../lib/gcc/x86_64-unknown-linux-gnu/4.9.3/../../../../lib64/:/lib/../lib64/:/usr/lib/../lib64/:/afs/cern.ch/sw/lcg/contrib/gcc/4.9.3/x86_64-slc6/bin/../lib/gcc/x86_64-unknown-linux-gnu/4.9.3/../../../:/lib/:/usr/lib/
COLLECT_GCC_OPTIONS='-v' '-o' 'cmTryCompileExec1072289302' '-rdynamic' '-mtune=generic' '-march=x86-64'
 /afs/cern.ch/sw/lcg/contrib/gcc/4.9.3/x86_64-slc6/bin/../libexec/gcc/x86_64-unknown-linux-gnu/4.9.3/collect2 --eh-frame-hdr -m elf_x86_64 -export-dynamic -dynamic-linker /lib64/ld-linux-x86-64.so.2 -o cmTryCompileExec1072289302 /usr/lib/../lib64/crt1.o /usr/lib/../lib64/crti.o /afs/cern.ch/sw/lcg/contrib/gcc/4.9.3/x86_64-slc6/bin/../lib/gcc/x86_64-unknown-linux-gnu/4.9.3/crtbegin.o -L/afs/cern.ch/sw/lcg/contrib/gcc/4.9.3/x86_64-slc6/bin/../lib/gcc/x86_64-unknown-linux-gnu/4.9.3 -L/afs/cern.ch/sw/lcg/contrib/gcc/4.9.3/x86_64-slc6/bin/../lib/gcc -L/afs/cern.ch/sw/lcg/contrib/gcc/4.9.3/x86_64-slc6/bin/../lib/gcc/x86_64-unknown-linux-gnu/4.9.3/../../../../lib64 -L/lib/../lib64 -L/usr/lib/../lib64 -L/afs/cern.ch/sw/lcg/contrib/gcc/4.9.3/x86_64-slc6/bin/../lib/gcc/x86_64-unknown-linux-gnu/4.9.3/../../.. CMakeFiles/cmTryCompileExec1072289302.dir/CMakeCCompilerABI.c.o -lgcc --as-needed -lgcc_s --no-as-needed -lc -lgcc --as-needed -lgcc_s --no-as-needed /afs/cern.ch/sw/lcg/contrib/gcc/4.9.3/x86_64-slc6/bin/../lib/gcc/x86_64-unknown-linux-gnu/4.9.3/crtend.o /usr/lib/../lib64/crtn.o
gmake[2]: Leaving directory `/afs/cern.ch/work/m/mlucchin/Fibers_LC_test/build/CMakeFiles/CMakeTmp'
gmake[1]: Leaving directory `/afs/cern.ch/work/m/mlucchin/Fibers_LC_test/build/CMakeFiles/CMakeTmp'


Parsed C implicit link information from above output:
  link line regex: [^( *|.*[/\])(ld|([^/\]+-)?ld|collect2)[^/\]*( |$)]
  ignore line: [Change Dir: /afs/cern.ch/work/m/mlucchin/Fibers_LC_test/build/CMakeFiles/CMakeTmp]
  ignore line: []
  ignore line: [Run Build Command:/usr/bin/gmake "cmTryCompileExec1072289302/fast"]
  ignore line: [gmake[1]: Entering directory `/afs/cern.ch/work/m/mlucchin/Fibers_LC_test/build/CMakeFiles/CMakeTmp']
  ignore line: [/usr/bin/gmake -f CMakeFiles/cmTryCompileExec1072289302.dir/build.make CMakeFiles/cmTryCompileExec1072289302.dir/build]
  ignore line: [gmake[2]: Entering directory `/afs/cern.ch/work/m/mlucchin/Fibers_LC_test/build/CMakeFiles/CMakeTmp']
  ignore line: [/usr/bin/cmake -E cmake_progress_report /afs/cern.ch/work/m/mlucchin/Fibers_LC_test/build/CMakeFiles/CMakeTmp/CMakeFiles 1]
  ignore line: [Building C object CMakeFiles/cmTryCompileExec1072289302.dir/CMakeCCompilerABI.c.o]
  ignore line: [/afs/cern.ch/sw/lcg/contrib/gcc/4.9/x86_64-slc6/bin/gcc    -o CMakeFiles/cmTryCompileExec1072289302.dir/CMakeCCompilerABI.c.o   -c /usr/share/cmake/Modules/CMakeCCompilerABI.c]
  ignore line: [Linking C executable cmTryCompileExec1072289302]
  ignore line: [/usr/bin/cmake -E cmake_link_script CMakeFiles/cmTryCompileExec1072289302.dir/link.txt --verbose=1]
  ignore line: [/afs/cern.ch/sw/lcg/contrib/gcc/4.9/x86_64-slc6/bin/gcc     -v CMakeFiles/cmTryCompileExec1072289302.dir/CMakeCCompilerABI.c.o  -o cmTryCompileExec1072289302 -rdynamic  ]
  ignore line: [Using built-in specs.]
  ignore line: [COLLECT_GCC=/afs/cern.ch/sw/lcg/contrib/gcc/4.9/x86_64-slc6/bin/gcc]
  ignore line: [COLLECT_LTO_WRAPPER=/afs/cern.ch/sw/lcg/contrib/gcc/4.9.3/x86_64-slc6/bin/../libexec/gcc/x86_64-unknown-linux-gnu/4.9.3/lto-wrapper]
  ignore line: [Target: x86_64-unknown-linux-gnu]
  ignore line: [Configured with: ../gcc-4.9.3/configure --prefix=/build/pmendez-sftnight/install-493/ --with-system-zlib --disable-multilib --enable-languages=all]
  ignore line: [Thread model: posix]
  ignore line: [gcc version 4.9.3 (GCC) ]
  ignore line: [COMPILER_PATH=/afs/cern.ch/sw/lcg/contrib/gcc/4.9.3/x86_64-slc6/bin/../libexec/gcc/x86_64-unknown-linux-gnu/4.9.3/:/afs/cern.ch/sw/lcg/contrib/gcc/4.9.3/x86_64-slc6/bin/../libexec/gcc/]
  ignore line: [LIBRARY_PATH=/afs/cern.ch/sw/lcg/contrib/gcc/4.9.3/x86_64-slc6/bin/../lib/gcc/x86_64-unknown-linux-gnu/4.9.3/:/afs/cern.ch/sw/lcg/contrib/gcc/4.9.3/x86_64-slc6/bin/../lib/gcc/:/afs/cern.ch/sw/lcg/contrib/gcc/4.9.3/x86_64-slc6/bin/../lib/gcc/x86_64-unknown-linux-gnu/4.9.3/../../../../lib64/:/lib/../lib64/:/usr/lib/../lib64/:/afs/cern.ch/sw/lcg/contrib/gcc/4.9.3/x86_64-slc6/bin/../lib/gcc/x86_64-unknown-linux-gnu/4.9.3/../../../:/lib/:/usr/lib/]
  ignore line: [COLLECT_GCC_OPTIONS='-v' '-o' 'cmTryCompileExec1072289302' '-rdynamic' '-mtune=generic' '-march=x86-64']
  link line: [ /afs/cern.ch/sw/lcg/contrib/gcc/4.9.3/x86_64-slc6/bin/../libexec/gcc/x86_64-unknown-linux-gnu/4.9.3/collect2 --eh-frame-hdr -m elf_x86_64 -export-dynamic -dynamic-linker /lib64/ld-linux-x86-64.so.2 -o cmTryCompileExec1072289302 /usr/lib/../lib64/crt1.o /usr/lib/../lib64/crti.o /afs/cern.ch/sw/lcg/contrib/gcc/4.9.3/x86_64-slc6/bin/../lib/gcc/x86_64-unknown-linux-gnu/4.9.3/crtbegin.o -L/afs/cern.ch/sw/lcg/contrib/gcc/4.9.3/x86_64-slc6/bin/../lib/gcc/x86_64-unknown-linux-gnu/4.9.3 -L/afs/cern.ch/sw/lcg/contrib/gcc/4.9.3/x86_64-slc6/bin/../lib/gcc -L/afs/cern.ch/sw/lcg/contrib/gcc/4.9.3/x86_64-slc6/bin/../lib/gcc/x86_64-unknown-linux-gnu/4.9.3/../../../../lib64 -L/lib/../lib64 -L/usr/lib/../lib64 -L/afs/cern.ch/sw/lcg/contrib/gcc/4.9.3/x86_64-slc6/bin/../lib/gcc/x86_64-unknown-linux-gnu/4.9.3/../../.. CMakeFiles/cmTryCompileExec1072289302.dir/CMakeCCompilerABI.c.o -lgcc --as-needed -lgcc_s --no-as-needed -lc -lgcc --as-needed -lgcc_s --no-as-needed /afs/cern.ch/sw/lcg/contrib/gcc/4.9.3/x86_64-slc6/bin/../lib/gcc/x86_64-unknown-linux-gnu/4.9.3/crtend.o /usr/lib/../lib64/crtn.o]
    arg [/afs/cern.ch/sw/lcg/contrib/gcc/4.9.3/x86_64-slc6/bin/../libexec/gcc/x86_64-unknown-linux-gnu/4.9.3/collect2] ==> ignore
    arg [--eh-frame-hdr] ==> ignore
    arg [-m] ==> ignore
    arg [elf_x86_64] ==> ignore
    arg [-export-dynamic] ==> ignore
    arg [-dynamic-linker] ==> ignore
    arg [/lib64/ld-linux-x86-64.so.2] ==> ignore
    arg [-o] ==> ignore
    arg [cmTryCompileExec1072289302] ==> ignore
    arg [/usr/lib/../lib64/crt1.o] ==> ignore
    arg [/usr/lib/../lib64/crti.o] ==> ignore
    arg [/afs/cern.ch/sw/lcg/contrib/gcc/4.9.3/x86_64-slc6/bin/../lib/gcc/x86_64-unknown-linux-gnu/4.9.3/crtbegin.o] ==> ignore
    arg [-L/afs/cern.ch/sw/lcg/contrib/gcc/4.9.3/x86_64-slc6/bin/../lib/gcc/x86_64-unknown-linux-gnu/4.9.3] ==> dir [/afs/cern.ch/sw/lcg/contrib/gcc/4.9.3/x86_64-slc6/bin/../lib/gcc/x86_64-unknown-linux-gnu/4.9.3]
    arg [-L/afs/cern.ch/sw/lcg/contrib/gcc/4.9.3/x86_64-slc6/bin/../lib/gcc] ==> dir [/afs/cern.ch/sw/lcg/contrib/gcc/4.9.3/x86_64-slc6/bin/../lib/gcc]
    arg [-L/afs/cern.ch/sw/lcg/contrib/gcc/4.9.3/x86_64-slc6/bin/../lib/gcc/x86_64-unknown-linux-gnu/4.9.3/../../../../lib64] ==> dir [/afs/cern.ch/sw/lcg/contrib/gcc/4.9.3/x86_64-slc6/bin/../lib/gcc/x86_64-unknown-linux-gnu/4.9.3/../../../../lib64]
    arg [-L/lib/../lib64] ==> dir [/lib/../lib64]
    arg [-L/usr/lib/../lib64] ==> dir [/usr/lib/../lib64]
    arg [-L/afs/cern.ch/sw/lcg/contrib/gcc/4.9.3/x86_64-slc6/bin/../lib/gcc/x86_64-unknown-linux-gnu/4.9.3/../../..] ==> dir [/afs/cern.ch/sw/lcg/contrib/gcc/4.9.3/x86_64-slc6/bin/../lib/gcc/x86_64-unknown-linux-gnu/4.9.3/../../..]
    arg [CMakeFiles/cmTryCompileExec1072289302.dir/CMakeCCompilerABI.c.o] ==> ignore
    arg [-lgcc] ==> lib [gcc]
    arg [--as-needed] ==> ignore
    arg [-lgcc_s] ==> lib [gcc_s]
    arg [--no-as-needed] ==> ignore
    arg [-lc] ==> lib [c]
    arg [-lgcc] ==> lib [gcc]
    arg [--as-needed] ==> ignore
    arg [-lgcc_s] ==> lib [gcc_s]
    arg [--no-as-needed] ==> ignore
    arg [/afs/cern.ch/sw/lcg/contrib/gcc/4.9.3/x86_64-slc6/bin/../lib/gcc/x86_64-unknown-linux-gnu/4.9.3/crtend.o] ==> ignore
    arg [/usr/lib/../lib64/crtn.o] ==> ignore
  remove lib [gcc]
  remove lib [gcc_s]
  remove lib [gcc]
  remove lib [gcc_s]
  collapse library dir [/afs/cern.ch/sw/lcg/contrib/gcc/4.9.3/x86_64-slc6/bin/../lib/gcc/x86_64-unknown-linux-gnu/4.9.3] ==> [/afs/cern.ch/sw/lcg/contrib/gcc/4.9.3/x86_64-slc6/lib/gcc/x86_64-unknown-linux-gnu/4.9.3]
  collapse library dir [/afs/cern.ch/sw/lcg/contrib/gcc/4.9.3/x86_64-slc6/bin/../lib/gcc] ==> [/afs/cern.ch/sw/lcg/contrib/gcc/4.9.3/x86_64-slc6/lib/gcc]
  collapse library dir [/afs/cern.ch/sw/lcg/contrib/gcc/4.9.3/x86_64-slc6/bin/../lib/gcc/x86_64-unknown-linux-gnu/4.9.3/../../../../lib64] ==> [/afs/cern.ch/sw/lcg/contrib/gcc/4.9.3/x86_64-slc6/lib64]
  collapse library dir [/lib/../lib64] ==> [/lib64]
  collapse library dir [/usr/lib/../lib64] ==> [/usr/lib64]
  collapse library dir [/afs/cern.ch/sw/lcg/contrib/gcc/4.9.3/x86_64-slc6/bin/../lib/gcc/x86_64-unknown-linux-gnu/4.9.3/../../..] ==> [/afs/cern.ch/sw/lcg/contrib/gcc/4.9.3/x86_64-slc6/lib]
  implicit libs: [c]
  implicit dirs: [/afs/cern.ch/sw/lcg/contrib/gcc/4.9.3/x86_64-slc6/lib/gcc/x86_64-unknown-linux-gnu/4.9.3;/afs/cern.ch/sw/lcg/contrib/gcc/4.9.3/x86_64-slc6/lib/gcc;/afs/cern.ch/sw/lcg/contrib/gcc/4.9.3/x86_64-slc6/lib64;/lib64;/usr/lib64;/afs/cern.ch/sw/lcg/contrib/gcc/4.9.3/x86_64-slc6/lib]
  implicit fwks: []


Determining if the CXX compiler works passed with the following output:
Change Dir: /afs/cern.ch/work/m/mlucchin/Fibers_LC_test/build/CMakeFiles/CMakeTmp

Run Build Command:/usr/bin/gmake "cmTryCompileExec6443010/fast"
gmake[1]: Entering directory `/afs/cern.ch/work/m/mlucchin/Fibers_LC_test/build/CMakeFiles/CMakeTmp'
/usr/bin/gmake -f CMakeFiles/cmTryCompileExec6443010.dir/build.make CMakeFiles/cmTryCompileExec6443010.dir/build
gmake[2]: Entering directory `/afs/cern.ch/work/m/mlucchin/Fibers_LC_test/build/CMakeFiles/CMakeTmp'
/usr/bin/cmake -E cmake_progress_report /afs/cern.ch/work/m/mlucchin/Fibers_LC_test/build/CMakeFiles/CMakeTmp/CMakeFiles 1
Building CXX object CMakeFiles/cmTryCompileExec6443010.dir/testCXXCompiler.cxx.o
/afs/cern.ch/sw/lcg/contrib/gcc/4.9/x86_64-slc6/bin/g++     -o CMakeFiles/cmTryCompileExec6443010.dir/testCXXCompiler.cxx.o -c /afs/cern.ch/work/m/mlucchin/Fibers_LC_test/build/CMakeFiles/CMakeTmp/testCXXCompiler.cxx
Linking CXX executable cmTryCompileExec6443010
/usr/bin/cmake -E cmake_link_script CMakeFiles/cmTryCompileExec6443010.dir/link.txt --verbose=1
/afs/cern.ch/sw/lcg/contrib/gcc/4.9/x86_64-slc6/bin/g++        CMakeFiles/cmTryCompileExec6443010.dir/testCXXCompiler.cxx.o  -o cmTryCompileExec6443010 -rdynamic 
gmake[2]: Leaving directory `/afs/cern.ch/work/m/mlucchin/Fibers_LC_test/build/CMakeFiles/CMakeTmp'
gmake[1]: Leaving directory `/afs/cern.ch/work/m/mlucchin/Fibers_LC_test/build/CMakeFiles/CMakeTmp'


Detecting CXX compiler ABI info compiled with the following output:
Change Dir: /afs/cern.ch/work/m/mlucchin/Fibers_LC_test/build/CMakeFiles/CMakeTmp

Run Build Command:/usr/bin/gmake "cmTryCompileExec931627118/fast"
gmake[1]: Entering directory `/afs/cern.ch/work/m/mlucchin/Fibers_LC_test/build/CMakeFiles/CMakeTmp'
/usr/bin/gmake -f CMakeFiles/cmTryCompileExec931627118.dir/build.make CMakeFiles/cmTryCompileExec931627118.dir/build
gmake[2]: Entering directory `/afs/cern.ch/work/m/mlucchin/Fibers_LC_test/build/CMakeFiles/CMakeTmp'
/usr/bin/cmake -E cmake_progress_report /afs/cern.ch/work/m/mlucchin/Fibers_LC_test/build/CMakeFiles/CMakeTmp/CMakeFiles 1
Building CXX object CMakeFiles/cmTryCompileExec931627118.dir/CMakeCXXCompilerABI.cpp.o
/afs/cern.ch/sw/lcg/contrib/gcc/4.9/x86_64-slc6/bin/g++     -o CMakeFiles/cmTryCompileExec931627118.dir/CMakeCXXCompilerABI.cpp.o -c /usr/share/cmake/Modules/CMakeCXXCompilerABI.cpp
Linking CXX executable cmTryCompileExec931627118
/usr/bin/cmake -E cmake_link_script CMakeFiles/cmTryCompileExec931627118.dir/link.txt --verbose=1
/afs/cern.ch/sw/lcg/contrib/gcc/4.9/x86_64-slc6/bin/g++      -v CMakeFiles/cmTryCompileExec931627118.dir/CMakeCXXCompilerABI.cpp.o  -o cmTryCompileExec931627118 -rdynamic  
Using built-in specs.
COLLECT_GCC=/afs/cern.ch/sw/lcg/contrib/gcc/4.9/x86_64-slc6/bin/g++
COLLECT_LTO_WRAPPER=/afs/cern.ch/sw/lcg/contrib/gcc/4.9.3/x86_64-slc6/bin/../libexec/gcc/x86_64-unknown-linux-gnu/4.9.3/lto-wrapper
Target: x86_64-unknown-linux-gnu
Configured with: ../gcc-4.9.3/configure --prefix=/build/pmendez-sftnight/install-493/ --with-system-zlib --disable-multilib --enable-languages=all
Thread model: posix
gcc version 4.9.3 (GCC) 
COMPILER_PATH=/afs/cern.ch/sw/lcg/contrib/gcc/4.9.3/x86_64-slc6/bin/../libexec/gcc/x86_64-unknown-linux-gnu/4.9.3/:/afs/cern.ch/sw/lcg/contrib/gcc/4.9.3/x86_64-slc6/bin/../libexec/gcc/
LIBRARY_PATH=/afs/cern.ch/sw/lcg/contrib/gcc/4.9.3/x86_64-slc6/bin/../lib/gcc/x86_64-unknown-linux-gnu/4.9.3/:/afs/cern.ch/sw/lcg/contrib/gcc/4.9.3/x86_64-slc6/bin/../lib/gcc/:/afs/cern.ch/sw/lcg/contrib/gcc/4.9.3/x86_64-slc6/bin/../lib/gcc/x86_64-unknown-linux-gnu/4.9.3/../../../../lib64/:/lib/../lib64/:/usr/lib/../lib64/:/afs/cern.ch/sw/lcg/contrib/gcc/4.9.3/x86_64-slc6/bin/../lib/gcc/x86_64-unknown-linux-gnu/4.9.3/../../../:/lib/:/usr/lib/
COLLECT_GCC_OPTIONS='-v' '-o' 'cmTryCompileExec931627118' '-rdynamic' '-shared-libgcc' '-mtune=generic' '-march=x86-64'
 /afs/cern.ch/sw/lcg/contrib/gcc/4.9.3/x86_64-slc6/bin/../libexec/gcc/x86_64-unknown-linux-gnu/4.9.3/collect2 --eh-frame-hdr -m elf_x86_64 -export-dynamic -dynamic-linker /lib64/ld-linux-x86-64.so.2 -o cmTryCompileExec931627118 /usr/lib/../lib64/crt1.o /usr/lib/../lib64/crti.o /afs/cern.ch/sw/lcg/contrib/gcc/4.9.3/x86_64-slc6/bin/../lib/gcc/x86_64-unknown-linux-gnu/4.9.3/crtbegin.o -L/afs/cern.ch/sw/lcg/contrib/gcc/4.9.3/x86_64-slc6/bin/../lib/gcc/x86_64-unknown-linux-gnu/4.9.3 -L/afs/cern.ch/sw/lcg/contrib/gcc/4.9.3/x86_64-slc6/bin/../lib/gcc -L/afs/cern.ch/sw/lcg/contrib/gcc/4.9.3/x86_64-slc6/bin/../lib/gcc/x86_64-unknown-linux-gnu/4.9.3/../../../../lib64 -L/lib/../lib64 -L/usr/lib/../lib64 -L/afs/cern.ch/sw/lcg/contrib/gcc/4.9.3/x86_64-slc6/bin/../lib/gcc/x86_64-unknown-linux-gnu/4.9.3/../../.. CMakeFiles/cmTryCompileExec931627118.dir/CMakeCXXCompilerABI.cpp.o -lstdc++ -lm -lgcc_s -lgcc -lc -lgcc_s -lgcc /afs/cern.ch/sw/lcg/contrib/gcc/4.9.3/x86_64-slc6/bin/../lib/gcc/x86_64-unknown-linux-gnu/4.9.3/crtend.o /usr/lib/../lib64/crtn.o
gmake[2]: Leaving directory `/afs/cern.ch/work/m/mlucchin/Fibers_LC_test/build/CMakeFiles/CMakeTmp'
gmake[1]: Leaving directory `/afs/cern.ch/work/m/mlucchin/Fibers_LC_test/build/CMakeFiles/CMakeTmp'


Parsed CXX implicit link information from above output:
  link line regex: [^( *|.*[/\])(ld|([^/\]+-)?ld|collect2)[^/\]*( |$)]
  ignore line: [Change Dir: /afs/cern.ch/work/m/mlucchin/Fibers_LC_test/build/CMakeFiles/CMakeTmp]
  ignore line: []
  ignore line: [Run Build Command:/usr/bin/gmake "cmTryCompileExec931627118/fast"]
  ignore line: [gmake[1]: Entering directory `/afs/cern.ch/work/m/mlucchin/Fibers_LC_test/build/CMakeFiles/CMakeTmp']
  ignore line: [/usr/bin/gmake -f CMakeFiles/cmTryCompileExec931627118.dir/build.make CMakeFiles/cmTryCompileExec931627118.dir/build]
  ignore line: [gmake[2]: Entering directory `/afs/cern.ch/work/m/mlucchin/Fibers_LC_test/build/CMakeFiles/CMakeTmp']
  ignore line: [/usr/bin/cmake -E cmake_progress_report /afs/cern.ch/work/m/mlucchin/Fibers_LC_test/build/CMakeFiles/CMakeTmp/CMakeFiles 1]
  ignore line: [Building CXX object CMakeFiles/cmTryCompileExec931627118.dir/CMakeCXXCompilerABI.cpp.o]
  ignore line: [/afs/cern.ch/sw/lcg/contrib/gcc/4.9/x86_64-slc6/bin/g++     -o CMakeFiles/cmTryCompileExec931627118.dir/CMakeCXXCompilerABI.cpp.o -c /usr/share/cmake/Modules/CMakeCXXCompilerABI.cpp]
  ignore line: [Linking CXX executable cmTryCompileExec931627118]
  ignore line: [/usr/bin/cmake -E cmake_link_script CMakeFiles/cmTryCompileExec931627118.dir/link.txt --verbose=1]
  ignore line: [/afs/cern.ch/sw/lcg/contrib/gcc/4.9/x86_64-slc6/bin/g++      -v CMakeFiles/cmTryCompileExec931627118.dir/CMakeCXXCompilerABI.cpp.o  -o cmTryCompileExec931627118 -rdynamic  ]
  ignore line: [Using built-in specs.]
  ignore line: [COLLECT_GCC=/afs/cern.ch/sw/lcg/contrib/gcc/4.9/x86_64-slc6/bin/g++]
  ignore line: [COLLECT_LTO_WRAPPER=/afs/cern.ch/sw/lcg/contrib/gcc/4.9.3/x86_64-slc6/bin/../libexec/gcc/x86_64-unknown-linux-gnu/4.9.3/lto-wrapper]
  ignore line: [Target: x86_64-unknown-linux-gnu]
  ignore line: [Configured with: ../gcc-4.9.3/configure --prefix=/build/pmendez-sftnight/install-493/ --with-system-zlib --disable-multilib --enable-languages=all]
  ignore line: [Thread model: posix]
  ignore line: [gcc version 4.9.3 (GCC) ]
  ignore line: [COMPILER_PATH=/afs/cern.ch/sw/lcg/contrib/gcc/4.9.3/x86_64-slc6/bin/../libexec/gcc/x86_64-unknown-linux-gnu/4.9.3/:/afs/cern.ch/sw/lcg/contrib/gcc/4.9.3/x86_64-slc6/bin/../libexec/gcc/]
  ignore line: [LIBRARY_PATH=/afs/cern.ch/sw/lcg/contrib/gcc/4.9.3/x86_64-slc6/bin/../lib/gcc/x86_64-unknown-linux-gnu/4.9.3/:/afs/cern.ch/sw/lcg/contrib/gcc/4.9.3/x86_64-slc6/bin/../lib/gcc/:/afs/cern.ch/sw/lcg/contrib/gcc/4.9.3/x86_64-slc6/bin/../lib/gcc/x86_64-unknown-linux-gnu/4.9.3/../../../../lib64/:/lib/../lib64/:/usr/lib/../lib64/:/afs/cern.ch/sw/lcg/contrib/gcc/4.9.3/x86_64-slc6/bin/../lib/gcc/x86_64-unknown-linux-gnu/4.9.3/../../../:/lib/:/usr/lib/]
  ignore line: [COLLECT_GCC_OPTIONS='-v' '-o' 'cmTryCompileExec931627118' '-rdynamic' '-shared-libgcc' '-mtune=generic' '-march=x86-64']
  link line: [ /afs/cern.ch/sw/lcg/contrib/gcc/4.9.3/x86_64-slc6/bin/../libexec/gcc/x86_64-unknown-linux-gnu/4.9.3/collect2 --eh-frame-hdr -m elf_x86_64 -export-dynamic -dynamic-linker /lib64/ld-linux-x86-64.so.2 -o cmTryCompileExec931627118 /usr/lib/../lib64/crt1.o /usr/lib/../lib64/crti.o /afs/cern.ch/sw/lcg/contrib/gcc/4.9.3/x86_64-slc6/bin/../lib/gcc/x86_64-unknown-linux-gnu/4.9.3/crtbegin.o -L/afs/cern.ch/sw/lcg/contrib/gcc/4.9.3/x86_64-slc6/bin/../lib/gcc/x86_64-unknown-linux-gnu/4.9.3 -L/afs/cern.ch/sw/lcg/contrib/gcc/4.9.3/x86_64-slc6/bin/../lib/gcc -L/afs/cern.ch/sw/lcg/contrib/gcc/4.9.3/x86_64-slc6/bin/../lib/gcc/x86_64-unknown-linux-gnu/4.9.3/../../../../lib64 -L/lib/../lib64 -L/usr/lib/../lib64 -L/afs/cern.ch/sw/lcg/contrib/gcc/4.9.3/x86_64-slc6/bin/../lib/gcc/x86_64-unknown-linux-gnu/4.9.3/../../.. CMakeFiles/cmTryCompileExec931627118.dir/CMakeCXXCompilerABI.cpp.o -lstdc++ -lm -lgcc_s -lgcc -lc -lgcc_s -lgcc /afs/cern.ch/sw/lcg/contrib/gcc/4.9.3/x86_64-slc6/bin/../lib/gcc/x86_64-unknown-linux-gnu/4.9.3/crtend.o /usr/lib/../lib64/crtn.o]
    arg [/afs/cern.ch/sw/lcg/contrib/gcc/4.9.3/x86_64-slc6/bin/../libexec/gcc/x86_64-unknown-linux-gnu/4.9.3/collect2] ==> ignore
    arg [--eh-frame-hdr] ==> ignore
    arg [-m] ==> ignore
    arg [elf_x86_64] ==> ignore
    arg [-export-dynamic] ==> ignore
    arg [-dynamic-linker] ==> ignore
    arg [/lib64/ld-linux-x86-64.so.2] ==> ignore
    arg [-o] ==> ignore
    arg [cmTryCompileExec931627118] ==> ignore
    arg [/usr/lib/../lib64/crt1.o] ==> ignore
    arg [/usr/lib/../lib64/crti.o] ==> ignore
    arg [/afs/cern.ch/sw/lcg/contrib/gcc/4.9.3/x86_64-slc6/bin/../lib/gcc/x86_64-unknown-linux-gnu/4.9.3/crtbegin.o] ==> ignore
    arg [-L/afs/cern.ch/sw/lcg/contrib/gcc/4.9.3/x86_64-slc6/bin/../lib/gcc/x86_64-unknown-linux-gnu/4.9.3] ==> dir [/afs/cern.ch/sw/lcg/contrib/gcc/4.9.3/x86_64-slc6/bin/../lib/gcc/x86_64-unknown-linux-gnu/4.9.3]
    arg [-L/afs/cern.ch/sw/lcg/contrib/gcc/4.9.3/x86_64-slc6/bin/../lib/gcc] ==> dir [/afs/cern.ch/sw/lcg/contrib/gcc/4.9.3/x86_64-slc6/bin/../lib/gcc]
    arg [-L/afs/cern.ch/sw/lcg/contrib/gcc/4.9.3/x86_64-slc6/bin/../lib/gcc/x86_64-unknown-linux-gnu/4.9.3/../../../../lib64] ==> dir [/afs/cern.ch/sw/lcg/contrib/gcc/4.9.3/x86_64-slc6/bin/../lib/gcc/x86_64-unknown-linux-gnu/4.9.3/../../../../lib64]
    arg [-L/lib/../lib64] ==> dir [/lib/../lib64]
    arg [-L/usr/lib/../lib64] ==> dir [/usr/lib/../lib64]
    arg [-L/afs/cern.ch/sw/lcg/contrib/gcc/4.9.3/x86_64-slc6/bin/../lib/gcc/x86_64-unknown-linux-gnu/4.9.3/../../..] ==> dir [/afs/cern.ch/sw/lcg/contrib/gcc/4.9.3/x86_64-slc6/bin/../lib/gcc/x86_64-unknown-linux-gnu/4.9.3/../../..]
    arg [CMakeFiles/cmTryCompileExec931627118.dir/CMakeCXXCompilerABI.cpp.o] ==> ignore
    arg [-lstdc++] ==> lib [stdc++]
    arg [-lm] ==> lib [m]
    arg [-lgcc_s] ==> lib [gcc_s]
    arg [-lgcc] ==> lib [gcc]
    arg [-lc] ==> lib [c]
    arg [-lgcc_s] ==> lib [gcc_s]
    arg [-lgcc] ==> lib [gcc]
    arg [/afs/cern.ch/sw/lcg/contrib/gcc/4.9.3/x86_64-slc6/bin/../lib/gcc/x86_64-unknown-linux-gnu/4.9.3/crtend.o] ==> ignore
    arg [/usr/lib/../lib64/crtn.o] ==> ignore
  remove lib [gcc_s]
  remove lib [gcc]
  remove lib [gcc_s]
  remove lib [gcc]
  collapse library dir [/afs/cern.ch/sw/lcg/contrib/gcc/4.9.3/x86_64-slc6/bin/../lib/gcc/x86_64-unknown-linux-gnu/4.9.3] ==> [/afs/cern.ch/sw/lcg/contrib/gcc/4.9.3/x86_64-slc6/lib/gcc/x86_64-unknown-linux-gnu/4.9.3]
  collapse library dir [/afs/cern.ch/sw/lcg/contrib/gcc/4.9.3/x86_64-slc6/bin/../lib/gcc] ==> [/afs/cern.ch/sw/lcg/contrib/gcc/4.9.3/x86_64-slc6/lib/gcc]
  collapse library dir [/afs/cern.ch/sw/lcg/contrib/gcc/4.9.3/x86_64-slc6/bin/../lib/gcc/x86_64-unknown-linux-gnu/4.9.3/../../../../lib64] ==> [/afs/cern.ch/sw/lcg/contrib/gcc/4.9.3/x86_64-slc6/lib64]
  collapse library dir [/lib/../lib64] ==> [/lib64]
  collapse library dir [/usr/lib/../lib64] ==> [/usr/lib64]
  collapse library dir [/afs/cern.ch/sw/lcg/contrib/gcc/4.9.3/x86_64-slc6/bin/../lib/gcc/x86_64-unknown-linux-gnu/4.9.3/../../..] ==> [/afs/cern.ch/sw/lcg/contrib/gcc/4.9.3/x86_64-slc6/lib]
  implicit libs: [stdc++;m;c]
  implicit dirs: [/afs/cern.ch/sw/lcg/contrib/gcc/4.9.3/x86_64-slc6/lib/gcc/x86_64-unknown-linux-gnu/4.9.3;/afs/cern.ch/sw/lcg/contrib/gcc/4.9.3/x86_64-slc6/lib/gcc;/afs/cern.ch/sw/lcg/contrib/gcc/4.9.3/x86_64-slc6/lib64;/lib64;/usr/lib64;/afs/cern.ch/sw/lcg/contrib/gcc/4.9.3/x86_64-slc6/lib]
  implicit fwks: []


